#
# There is insufficient memory for the Java Runtime Environment to continue.
# Native memory allocation (mmap) failed to map 190840832 bytes for G1 virtual space
# Possible reasons:
#   The system is out of physical RAM or swap space
#   The process is running with CompressedOops enabled, and the Java Heap may be blocking the growth of the native heap
# Possible solutions:
#   Reduce memory load on the system
#   Increase physical memory or swap space
#   Check if swap backing store is full
#   Decrease Java heap size (-Xmx/-Xms)
#   Decrease number of Java threads
#   Decrease Java thread stack sizes (-Xss)
#   Set larger code cache with -XX:ReservedCodeCacheSize=
#   JVM is running with Zero Based Compressed Oops mode in which the Java heap is
#     placed in the first 32GB address space. The Java Heap base address is the
#     maximum limit for the native heap growth. Please use -XX:HeapBaseMinAddress
#     to set the Java Heap base and to place the Java Heap above 32GB virtual address.
# This output file may be truncated or incomplete.
#
#  Out of Memory Error (os_windows.cpp:3769), pid=10892, tid=11304
#
# JRE version:  (17.0.6) (build )
# Java VM: OpenJDK 64-Bit Server VM (17.0.6+0-b2043.56-10027231, mixed mode, sharing, tiered, compressed oops, compressed class ptrs, g1 gc, windows-amd64)
# No core dump will be written. Minidumps are not enabled by default on client versions of Windows
#

---------------  S U M M A R Y ------------

Command Line: org.jetbrains.kotlin.cli.jvm.K2JVMCompiler @P:\projects\tenCents\node_modules\react-native-gesture-handler\android\build\20240117_12851161961734224986.compiler.options

Host: AMD Ryzen 5 4600G with Radeon Graphics, 12 cores, 11G,  Windows 10 , 64 bit Build 19041 (10.0.19041.3636)
Time: Wed Jan 17 18:43:37 2024 India Standard Time elapsed time: 0.007533 seconds (0d 0h 0m 0s)

---------------  T H R E A D  ---------------

Current thread (0x000001e9ac8332d0):  JavaThread "Unknown thread" [_thread_in_vm, id=11304, stack(0x000000a0a0600000,0x000000a0a0700000)]

Stack: [0x000000a0a0600000,0x000000a0a0700000]
Native frames: (J=compiled Java code, j=interpreted, Vv=VM code, C=native code)
V  [jvm.dll+0x683c9a]
V  [jvm.dll+0x8427a4]
V  [jvm.dll+0x843f9e]
V  [jvm.dll+0x844603]
V  [jvm.dll+0x249b75]
V  [jvm.dll+0x680b69]
V  [jvm.dll+0x67505a]
V  [jvm.dll+0x309acb]
V  [jvm.dll+0x310f86]
V  [jvm.dll+0x3608ee]
V  [jvm.dll+0x360b1f]
V  [jvm.dll+0x2dfbf8]
V  [jvm.dll+0x2e0b64]
V  [jvm.dll+0x814091]
V  [jvm.dll+0x36e6a1]
V  [jvm.dll+0x7f35cc]
V  [jvm.dll+0x3f0e8f]
V  [jvm.dll+0x3f29d1]
C  [jli.dll+0x526b]
C  [ucrtbase.dll+0x21bb2]
C  [KERNEL32.DLL+0x17344]
C  [ntdll.dll+0x526b1]


---------------  P R O C E S S  ---------------

Threads class SMR info:
_java_thread_list=0x00007ffaabecc058, length=0, elements={
}

Java Threads: ( => current thread )

Other Threads:
  0x000001e9ac888a30 GCTaskThread "GC Thread#0" [stack: 0x000000a0a0700000,0x000000a0a0800000] [id=10936]
  0x000001e9ac894e80 ConcurrentGCThread "G1 Main Marker" [stack: 0x000000a0a0800000,0x000000a0a0900000] [id=7932]
  0x000001e9ac8957a0 ConcurrentGCThread "G1 Conc#0" [stack: 0x000000a0a0900000,0x000000a0a0a00000] [id=9584]

[error occurred during error reporting (printing all threads), id 0xc0000005, EXCEPTION_ACCESS_VIOLATION (0xc0000005) at pc=0x00007ffaab680797]

VM state: not at safepoint (not fully initialized)

VM Mutex/Monitor currently owned by a thread:  ([mutex/lock_event])
[0x000001e9ac82eee0] Heap_lock - owner thread: 0x000001e9ac8332d0

Heap address: 0x000000074a000000, size: 2912 MB, Compressed Oops mode: Zero based, Oop shift amount: 3

CDS archive(s) mapped at: [0x0000000000000000-0x0000000000000000-0x0000000000000000), size 0, SharedBaseAddress: 0x0000000800000000, ArchiveRelocationMode: 0.
Narrow klass base: 0x0000000000000000, Narrow klass shift: 0, Narrow klass range: 0x0

GC Precious Log:
<Empty>

Heap:
 garbage-first heap   total 0K, used 0K [0x000000074a000000, 0x0000000800000000)
  region size 2048K, 0 young (0K), 0 survivors (0K)

[error occurred during error reporting (printing heap information), id 0xc0000005, EXCEPTION_ACCESS_VIOLATION (0xc0000005) at pc=0x00007ffaaba6da89]

GC Heap History (0 events):
No events

Dll operation events (1 events):
Event: 0.005 Loaded shared library C:\Program Files\Android\Android Studio\jbr\bin\java.dll

Deoptimization events (0 events):
No events

Classes unloaded (0 events):
No events

Classes redefined (0 events):
No events

Internal exceptions (0 events):
No events

VM Operations (0 events):
No events

Events (0 events):
No events


Dynamic libraries:
0x00007ff7877b0000 - 0x00007ff7877ba000 	C:\Program Files\Android\Android Studio\jbr\bin\java.exe
0x00007ffad3e90000 - 0x00007ffad4088000 	C:\WINDOWS\SYSTEM32\ntdll.dll
0x00007ffad2c60000 - 0x00007ffad2d1d000 	C:\WINDOWS\System32\KERNEL32.DLL
0x00007ffad1700000 - 0x00007ffad19f6000 	C:\WINDOWS\System32\KERNELBASE.dll
0x00007ffad1c10000 - 0x00007ffad1d10000 	C:\WINDOWS\System32\ucrtbase.dll
0x00007ffac1610000 - 0x00007ffac1627000 	C:\Program Files\Android\Android Studio\jbr\bin\jli.dll
0x00007ffac1840000 - 0x00007ffac185b000 	C:\Program Files\Android\Android Studio\jbr\bin\VCRUNTIME140.dll
0x00007ffad1ee0000 - 0x00007ffad207e000 	C:\WINDOWS\System32\USER32.dll
0x00007ffad15f0000 - 0x00007ffad1612000 	C:\WINDOWS\System32\win32u.dll
0x00007ffabb420000 - 0x00007ffabb6ba000 	C:\WINDOWS\WinSxS\amd64_microsoft.windows.common-controls_6595b64144ccf1df_6.0.19041.3636_none_60b6a03d71f818d5\COMCTL32.dll
0x00007ffad2c30000 - 0x00007ffad2c5c000 	C:\WINDOWS\System32\GDI32.dll
0x00007ffad2e60000 - 0x00007ffad2efe000 	C:\WINDOWS\System32\msvcrt.dll
0x00007ffad1a50000 - 0x00007ffad1b6a000 	C:\WINDOWS\System32\gdi32full.dll
0x00007ffad1b70000 - 0x00007ffad1c0d000 	C:\WINDOWS\System32\msvcp_win.dll
0x00007ffad23d0000 - 0x00007ffad2400000 	C:\WINDOWS\System32\IMM32.DLL
0x00007ffaccec0000 - 0x00007ffaccecc000 	C:\Program Files\Android\Android Studio\jbr\bin\vcruntime140_1.dll
0x00007ffab12e0000 - 0x00007ffab136d000 	C:\Program Files\Android\Android Studio\jbr\bin\msvcp140.dll
0x00007ffaab390000 - 0x00007ffaabffe000 	C:\Program Files\Android\Android Studio\jbr\bin\server\jvm.dll
0x00007ffad2b70000 - 0x00007ffad2c23000 	C:\WINDOWS\System32\ADVAPI32.dll
0x00007ffad2500000 - 0x00007ffad259f000 	C:\WINDOWS\System32\sechost.dll
0x00007ffad2d20000 - 0x00007ffad2e46000 	C:\WINDOWS\System32\RPCRT4.dll
0x00007ffad16d0000 - 0x00007ffad16f7000 	C:\WINDOWS\System32\bcrypt.dll
0x00007ffac5740000 - 0x00007ffac5767000 	C:\WINDOWS\SYSTEM32\WINMM.dll
0x00007ffac87d0000 - 0x00007ffac87da000 	C:\WINDOWS\SYSTEM32\VERSION.dll
0x00007ffacc650000 - 0x00007ffacc659000 	C:\WINDOWS\SYSTEM32\WSOCK32.dll
0x00007ffad25b0000 - 0x00007ffad261b000 	C:\WINDOWS\System32\WS2_32.dll
0x00007ffacf430000 - 0x00007ffacf442000 	C:\WINDOWS\SYSTEM32\kernel.appcore.dll
0x00007ffacc0e0000 - 0x00007ffacc0ea000 	C:\Program Files\Android\Android Studio\jbr\bin\jimage.dll
0x00007ffacbb30000 - 0x00007ffacbd14000 	C:\WINDOWS\SYSTEM32\DBGHELP.DLL
0x00007ffacbad0000 - 0x00007ffacbb04000 	C:\WINDOWS\SYSTEM32\dbgcore.DLL
0x00007ffad1560000 - 0x00007ffad15e2000 	C:\WINDOWS\System32\bcryptPrimitives.dll
0x00007ffacabd0000 - 0x00007ffacabf5000 	C:\Program Files\Android\Android Studio\jbr\bin\java.dll

dbghelp: loaded successfully - version: 4.0.5 - missing functions: none
symbol engine: initialized successfully - sym options: 0x614 - pdb path: .;C:\Program Files\Android\Android Studio\jbr\bin;C:\WINDOWS\SYSTEM32;C:\WINDOWS\WinSxS\amd64_microsoft.windows.common-controls_6595b64144ccf1df_6.0.19041.3636_none_60b6a03d71f818d5;C:\Program Files\Android\Android Studio\jbr\bin\server

VM Arguments:
java_command: org.jetbrains.kotlin.cli.jvm.K2JVMCompiler @P:\projects\tenCents\node_modules\react-native-gesture-handler\android\build\20240117_12851161961734224986.compiler.options
java_class_path (initial): C:\Users\Aripro\.gradle\caches\modules-2\files-2.1\org.jetbrains.kotlin\kotlin-compiler-embeddable\1.6.21\97bdd5a752ce73b58ef16c17bc7f0ea2faff7a2e\kotlin-compiler-embeddable-1.6.21.jar;C:\Users\Aripro\.gradle\caches\modules-2\files-2.1\org.jetbrains.kotlin\kotlin-reflect\1.6.21\5dc3574d9b7bebfcb4ec6b10ada4aaa9e140bd0b\kotlin-reflect-1.6.21.jar;C:\Users\Aripro\.gradle\caches\modules-2\files-2.1\org.jetbrains.kotlin\kotlin-stdlib\1.6.21\11ef67f1900634fd951bad28c53ec957fabbe5b8\kotlin-stdlib-1.6.21.jar;C:\Users\Aripro\.gradle\caches\modules-2\files-2.1\org.jetbrains.kotlin\kotlin-script-runtime\1.6.21\99c6675100da5d6d5b1c5a1032f27f28008d101b\kotlin-script-runtime-1.6.21.jar;C:\Users\Aripro\.gradle\caches\modules-2\files-2.1\org.jetbrains.kotlin\kotlin-daemon-embeddable\1.6.21\46b78cf392e1c4f10854c3cadba44abb7b82250f\kotlin-daemon-embeddable-1.6.21.jar;C:\Users\Aripro\.gradle\caches\modules-2\files-2.1\org.jetbrains.intellij.deps\trove4j\1.0.20200330\3afb14d5f9ceb459d724e907a21145e8ff394f02\trove4j-1.0.20200330.jar;C:\Users\Aripro\.gradle\caches\modules-2\files-2.1\net.java.dev.jna\jna\5.6.0\330f2244e9030119ab3030fc3fededc86713d9cc\jna-5.6.0.jar;C:\Users\Aripro\.gradle\caches\modules-2\files-2.1\org.jetbrains.kotlin\kotlin-stdlib-common\1.6.21\5e5b55c26dbc80372a920aef60eb774b714559b8\kotlin-stdlib-common-1.6.21.jar;C:\Users\Aripro\.gradle\caches\modules-2\files-2.1\org.jetbrains\annotations\13.0\919f0dfe192fb4e063e7dacadee7f8bb9a2672a9\annotations-13.0.jar
Launcher Type: SUN_STANDARD

[Global flags]
     intx CICompilerCount                          = 4                                         {product} {ergonomic}
     uint ConcGCThreads                            = 3                                         {product} {ergonomic}
     uint G1ConcRefinementThreads                  = 10                                        {product} {ergonomic}
   size_t G1HeapRegionSize                         = 2097152                                   {product} {ergonomic}
    uintx GCDrainStackTargetSize                   = 64                                        {product} {ergonomic}
   size_t InitialHeapSize                          = 190840832                                 {product} {ergonomic}
   size_t MarkStackSize                            = 4194304                                   {product} {ergonomic}
   size_t MaxHeapSize                              = 3053453312                                {product} {ergonomic}
   size_t MinHeapDeltaBytes                        = 2097152                                   {product} {ergonomic}
   size_t MinHeapSize                              = 8388608                                   {product} {ergonomic}
    uintx NonNMethodCodeHeapSize                   = 5839372                                {pd product} {ergonomic}
    uintx NonProfiledCodeHeapSize                  = 122909434                              {pd product} {ergonomic}
    uintx ProfiledCodeHeapSize                     = 122909434                              {pd product} {ergonomic}
    uintx ReservedCodeCacheSize                    = 251658240                              {pd product} {ergonomic}
     bool SegmentedCodeCache                       = true                                      {product} {ergonomic}
   size_t SoftMaxHeapSize                          = 3053453312                             {manageable} {ergonomic}
     bool UseCompressedClassPointers               = true                           {product lp64_product} {ergonomic}
     bool UseCompressedOops                        = true                           {product lp64_product} {ergonomic}
     bool UseG1GC                                  = true                                      {product} {ergonomic}
     bool UseLargePagesIndividualAllocation        = false                                  {pd product} {ergonomic}

Logging:
Log output configuration:
 #0: stdout all=warning uptime,level,tags
 #1: stderr all=off uptime,level,tags

Environment Variables:
JAVA_HOME=C:\Program Files\Microsoft\jdk-17.0.8.7-hotspot
PATH=C:\WINDOWS\system32;C:\WINDOWS;C:\WINDOWS\System32\Wbem;C:\WINDOWS\System32\WindowsPowerShell\v1.0\;C:\ProgramData\chocolatey\bin;C:\Program Files\nodejs\;C:\WINDOWS\System32\OpenSSH\;C:\Users\Aripro\AppData\Local\Android\Sdk\platform-tools;C:\Program Files\Git\cmd;C:\Program Files\Microsoft\jdk-17.0.8.7-hotspot\bin;C:\Users\Aripro\AppData\Local\Microsoft\WindowsApps;C:\Users\Aripro\AppData\Local\Programs\Microsoft VS Code\bin;C:\Users\Aripro\AppData\Roaming\npm;C:\Program Files\Microsoft\jdk-17.0.8.7-hotspot\bin;
USERNAME=Aripro
OS=Windows_NT
PROCESSOR_IDENTIFIER=AMD64 Family 23 Model 96 Stepping 1, AuthenticAMD
TMP=C:\Users\Aripro\AppData\Local\Temp
TEMP=C:\Users\Aripro\AppData\Local\Temp


JNI global refs:

[error occurred during error reporting (JNI global references), id 0xc0000005, EXCEPTION_ACCESS_VIOLATION (0xc0000005) at pc=0x00007ffaab447a10]


---------------  S Y S T E M  ---------------

OS:
 Windows 10 , 64 bit Build 19041 (10.0.19041.3636)
OS uptime: 1 days 7:38 hours

CPU: total 12 (initial active 12) (12 cores per cpu, 2 threads per core) family 23 model 96 stepping 1 microcode 0x0, cx8, cmov, fxsr, ht, mmx, 3dnowpref, sse, sse2, sse3, ssse3, sse4a, sse4.1, sse4.2, popcnt, lzcnt, tsc, tscinvbit, avx, avx2, aes, clmul, bmi1, bmi2, adx, sha, fma, vzeroupper, clflush, clflushopt

Memory: 4k page, system-wide physical 11644M (548M free)
TotalPageFile size 27622M (AvailPageFile size 222M)
current process WorkingSet (physical memory assigned to process): 10M, peak: 10M
current process commit charge ("private bytes"): 64M, peak: 245M

vm_info: OpenJDK 64-Bit Server VM (17.0.6+0-b2043.56-10027231) for windows-amd64 JRE (17.0.6+0-b2043.56-10027231), built on Apr 28 2023 00:43:19 by "androidbuild" with MS VC++ 16.10 / 16.11 (VS2019)

END.
